  n_cores     times
0       1  0.058893
0       2  0.164662
0       3  0.163855
0       4  0.163903
0       5  0.172546
0       6  0.173748
0       7  0.181537
0       8  0.182468
0       9  0.191348
0      10  0.196249
0      11  0.198695
0      12  0.207973
0      13  0.207438
0      14  0.246161
0      15  0.220556
0      16  0.227945
0      17  0.245542
0      18  0.256186
0      19  0.231737
0      20  0.246416
0      21  0.268044
0      22  0.247597
0      23  0.255872
0      24  0.254558
0      25  0.271799
0      26  0.298857
0      27  0.298537
0      28  0.274755
0      29  0.289117
0      30  0.294245
0      31  0.292407
0      32  0.308794
0.9666666666666667
[[ 7  0  0]
 [ 0 11  1]
 [ 0  0 11]]
  n_cores      times
0       1  59.822354
0       2  32.929729
0       3  24.510353
0       4  23.425427
0       5  19.207722
0       6  16.507819
0       7  16.311166
0       8  14.613229
0       9  15.620200
0      10  16.838461
0      11  16.424898
0      12  15.038820
0      13  16.860051
0      14  18.458461
0      15  14.189813
0      16  14.963465
0      17  15.753086
0      18  16.779846
0      19  18.412484
0      20  14.674753
0      21  15.889652
0      22  15.217460
0      23  13.941551
0      24  14.734949
0      25  16.003011
0      26  17.126980
0      27  14.122150
0      28  14.339438
0      29  14.145875
0      30  16.608585
0      31  15.169624
0      32  13.775778
0.8360655737704918
[[22  5]
 [ 5 29]]
