  n_cores     times
0       1  0.058262
0       2  0.164290
0       3  0.163250
0       4  0.163685
0       5  0.172340
0       6  0.173204
0       7  0.180822
0       8  0.182033
0       9  0.191084
0      10  0.191852
0      11  0.203120
0      12  0.201922
0      13  0.217277
0      14  0.215440
0      15  0.214993
0      16  0.234491
0      17  0.240586
0      18  0.227632
0      19  0.240963
0      20  0.239579
0      21  0.261108
0      22  0.248863
0      23  0.248186
0      24  0.254213
0      25  0.269223
0      26  0.341531
0      27  0.294702
0      28  0.296311
0      29  0.292318
0      30  0.280155
0      31  0.290562
0      32  0.313123
0.9666666666666667
[[ 7  0  0]
 [ 0 11  1]
 [ 0  0 11]]
  n_cores      times
0       1  59.706544
0       2  32.600385
0       3  24.518363
0       4  23.110489
0       5  19.095922
0       6  16.400275
0       7  14.911351
0       8  14.606135
0       9  15.615100
0      10  16.722273
0      11  16.424515
0      12  14.822872
0      13  16.040251
0      14  16.766416
0      15  14.050907
0      16  14.754292
0      17  15.753317
0      18  16.770139
0      19  13.759826
0      20  14.696249
0      21  15.749458
0      22  16.888363
0      23  13.784089
0      24  14.701095
0      25  19.321490
0      26  16.939119
0      27  13.520345
0      28  10.613039
0      29  12.629516
0      30  15.962500
0      31  11.940797
0      32  14.550237
0.8360655737704918
[[22  5]
 [ 5 29]]
