  n_cores     times
0       1  0.058563
0       2  0.165134
0       3  0.164200
0       4  0.164178
0       5  0.172991
0       6  0.174158
0       7  0.182923
0       8  0.183566
0       9  0.192250
0      10  0.193957
0      11  0.198518
0      12  0.206778
0      13  0.206710
0      14  0.216539
0      15  0.217295
0      16  0.229442
0      17  0.233531
0      18  0.250465
0      19  0.237030
0      20  0.237717
0      21  0.244926
0      22  0.273215
0      23  0.273366
0      24  0.261470
0      25  0.289226
0      26  0.319433
0      27  0.274810
0      28  0.299177
0      29  0.282259
0      30  0.290461
0      31  0.288385
0      32  0.320324
0.9666666666666667
[[ 7  0  0]
 [ 0 11  1]
 [ 0  0 11]]
  n_cores      times
0       1  59.402739
0       2  32.593851
0       3  23.908387
0       4  23.105927
0       5  19.106920
0       6  16.296594
0       7  16.007940
0       8  14.509739
0       9  15.571178
0      10  16.577573
0      11  16.356646
0      12  14.837364
0      13  15.746523
0      14  17.074873
0      15  19.679275
0      16  16.615091
0      17  15.937735
0      18  16.679298
0      19  18.198499
0      20  14.683988
0      21  15.603266
0      22  16.822328
0      23  14.140058
0      24  14.824908
0      25  16.041721
0      26  13.017834
0      27  14.073402
0      28  10.811268
0      29  15.865035
0      30  16.387189
0      31   5.247505
0      32   5.361724
0.8360655737704918
[[22  5]
 [ 5 29]]
