  n_jobs     times
0      1  0.186908
0      2  0.267487
0      3  0.265722
0      4  0.266560
0      5  0.279712
0      6  0.278335
0      7  0.286930
0      8  0.291245
0      9  0.196658
0     10  0.210910
0     11  0.304150
0     12  0.309910
0     13  0.213868
0     14  0.248843
0     15  0.223439
0     16  0.252332
0     17  0.262597
0     18  0.344287
0     19  0.263174
0     20  0.350087
0     21  0.352010
0     22  0.331535
0     23  0.285150
0     24  0.367253
0     25  0.280704
0     26  0.300185
0     27  0.383116
0     28  0.292968
0     29  0.312846
0     30  0.310310
0     31  0.314968
0     32  0.424369
0.9666666666666667
[[ 7  0  0]
 [ 0 11  1]
 [ 0  0 11]]
  n_jobs       times
0      1  269.592956
0      2  136.725278
0      3   91.738264
0      4   70.100585
0      5   56.689331
0      6   47.371353
0      7   41.255601
0      8   36.162120
0      9   32.752141
0     10   30.072688
0     11   27.658421
0     12   25.670327
0     13   26.905824
0     14   25.721550
0     15   27.016626
0     16   23.279348
0     17   21.991796
0     18   22.392043
0     19   24.635791
0     20   24.203680
0     21   19.101797
0     22   23.126795
0     23   22.441317
0     24   23.105560
0     25   20.354532
0     26   18.191581
0     27   19.298992
0     28   19.017135
0     29   16.270386
0     30   19.898917
0     31   20.205672
0     32   17.524601
Sensitivity: 0.8076923076923077
Specificity: 0.8
Accuracy: 0.8032786885245902
[[28  7]
 [ 5 21]]
