  n_jobs     times
0      1  0.188062
0      2  0.267145
0      3  0.276649
0      4  0.278996
0      5  0.299654
0      6  0.281721
0      7  0.294137
0      8  0.295884
0      9  0.194139
0     10  0.212135
0     11  0.301984
0     12  0.218761
0     13  0.234382
0     14  0.240071
0     15  0.353671
0     16  0.252358
0     17  0.242574
0     18  0.247588
0     19  0.381012
0     20  0.361812
0     21  0.357936
0     22  0.289017
0     23  0.355722
0     24  0.437837
0     25  0.304411
0     26  0.313073
0     27  0.303702
0     28  0.443523
0     29  0.358136
0     30  0.345904
0     31  0.368009
0     32  0.332484
0.9666666666666667
[[ 7  0  0]
 [ 0 11  1]
 [ 0  0 11]]
  n_jobs       times
0      1  270.864865
0      2  136.762216
0      3   92.665143
0      4   70.222903
0      5   56.710288
0      6   47.384796
0      7   41.463466
0      8   37.831655
0      9   32.752103
0     10   30.274483
0     11   27.781763
0     12   25.772843
0     13   27.149560
0     14   23.971769
0     15   22.168124
0     16   27.036920
0     17   23.119884
0     18   20.722334
0     19   18.589647
0     20   23.807442
0     21   19.048950
0     22   19.127567
0     23   22.598699
0     24   22.791353
0     25   21.856571
0     26   21.080362
0     27   20.245107
0     28   20.269424
0     29   20.372481
0     30   20.143905
0     31   19.659922
0     32   14.612590
Sensitivity: 0.8076923076923077
Specificity: 0.8
Accuracy: 0.8032786885245902
[[28  7]
 [ 5 21]]
