  n_jobs     times
0      1  0.188462
0      2  0.275433
0      3  0.260920
0      4  0.268227
0      5  0.268867
0      6  0.278662
0      7  0.277976
0      8  0.287256
0      9  0.186229
0     10  0.196663
0     11  0.216280
0     12  0.302850
0     13  0.310688
0     14  0.248909
0     15  0.226729
0     16  0.225606
0     17  0.238765
0     18  0.333683
0     19  0.339424
0     20  0.241680
0     21  0.254777
0     22  0.273504
0     23  0.260204
0     24  0.264354
0     25  0.281078
0     26  0.288959
0     27  0.301648
0     28  0.277089
0     29  0.272542
0     30  0.286288
0     31  0.288642
0     32  0.286853
0.9666666666666667
[[ 7  0  0]
 [ 0 11  1]
 [ 0  0 11]]
  n_jobs       times
0      1  267.410889
0      2  134.506542
0      3   91.226913
0      4   68.404603
0      5   55.108687
0      6   46.266878
0      7   39.777464
0      8   35.041230
0      9   32.323140
0     10   30.258175
0     11   27.851904
0     12   28.066063
0     13   25.456872
0     14   25.586879
0     15   27.083213
0     16   22.012233
0     17   26.650636
0     18   22.186163
0     19   23.539117
0     20   23.201055
0     21   21.622585
0     22   21.815579
0     23   21.028312
0     24   19.010013
0     25   19.655074
0     26   20.854253
0     27   19.130521
0     28   18.476141
0     29   17.845152
0     30   16.146850
0     31   18.244003
0     32   18.555281
Sensitivity: 0.8076923076923077
Specificity: 0.8
Accuracy: 0.8032786885245902
[[28  7]
 [ 5 21]]
